mode: atomic
github.com/kujilabo/redstart/user/domain/app_user_model.go:18.49,22.2 1 2
github.com/kujilabo/redstart/user/domain/app_user_model.go:24.31,26.2 1 0
github.com/kujilabo/redstart/user/domain/app_user_model.go:27.40,29.2 1 0
github.com/kujilabo/redstart/user/domain/app_user_model.go:49.182,59.54 2 1
github.com/kujilabo/redstart/user/domain/app_user_model.go:59.54,61.3 1 0
github.com/kujilabo/redstart/user/domain/app_user_model.go:63.2,63.15 1 1
github.com/kujilabo/redstart/user/domain/app_user_model.go:66.49,68.2 1 0
github.com/kujilabo/redstart/user/domain/app_user_model.go:70.59,72.2 1 0
github.com/kujilabo/redstart/user/domain/app_user_model.go:74.44,76.2 1 0
github.com/kujilabo/redstart/user/domain/app_user_model.go:78.45,80.2 1 0
github.com/kujilabo/redstart/user/domain/app_user_model.go:82.57,84.2 1 0
github.com/kujilabo/redstart/user/domain/init.go:5.13,8.16 3 1
github.com/kujilabo/redstart/user/domain/init.go:8.16,9.13 1 0
github.com/kujilabo/redstart/user/domain/init.go:11.2,11.34 1 1
github.com/kujilabo/redstart/user/domain/organization_model.go:17.59,21.2 1 1
github.com/kujilabo/redstart/user/domain/organization_model.go:23.36,25.2 1 0
github.com/kujilabo/redstart/user/domain/organization_model.go:26.50,28.2 1 0
github.com/kujilabo/redstart/user/domain/organization_model.go:42.129,48.54 2 0
github.com/kujilabo/redstart/user/domain/organization_model.go:48.54,50.3 1 0
github.com/kujilabo/redstart/user/domain/organization_model.go:52.2,52.15 1 0
github.com/kujilabo/redstart/user/domain/organization_model.go:55.52,57.2 1 0
github.com/kujilabo/redstart/user/domain/organization_model.go:59.46,61.2 1 0
github.com/kujilabo/redstart/user/domain/owner_model.go:12.62,16.2 1 1
github.com/kujilabo/redstart/user/domain/owner_model.go:18.42,20.2 1 0
github.com/kujilabo/redstart/user/domain/rbac.go:20.41,22.2 1 0
github.com/kujilabo/redstart/user/domain/rbac.go:24.37,26.2 1 0
github.com/kujilabo/redstart/user/domain/rbac.go:37.41,39.2 1 0
github.com/kujilabo/redstart/user/domain/rbac.go:41.37,43.2 1 0
github.com/kujilabo/redstart/user/domain/rbac.go:44.34,46.2 1 0
github.com/kujilabo/redstart/user/domain/rbac.go:56.45,58.2 1 0
github.com/kujilabo/redstart/user/domain/rbac.go:60.38,62.2 1 0
github.com/kujilabo/redstart/user/domain/rbac.go:72.45,74.2 1 0
github.com/kujilabo/redstart/user/domain/rbac.go:76.38,78.2 1 0
github.com/kujilabo/redstart/user/domain/rbac.go:88.45,90.2 1 0
github.com/kujilabo/redstart/user/domain/rbac.go:92.38,94.2 1 0
github.com/kujilabo/redstart/user/domain/rbac.go:104.45,106.2 1 0
github.com/kujilabo/redstart/user/domain/rbac.go:108.38,110.2 1 0
github.com/kujilabo/redstart/user/domain/system_admin_model.go:11.45,13.2 1 0
github.com/kujilabo/redstart/user/domain/system_admin_model.go:15.53,17.2 1 0
github.com/kujilabo/redstart/user/domain/system_admin_model.go:19.54,21.2 1 0
github.com/kujilabo/redstart/user/domain/system_owner_model.go:20.72,25.54 2 1
github.com/kujilabo/redstart/user/domain/system_owner_model.go:25.54,27.3 1 0
github.com/kujilabo/redstart/user/domain/system_owner_model.go:29.2,29.15 1 1
github.com/kujilabo/redstart/user/domain/system_owner_model.go:32.54,34.2 1 0
github.com/kujilabo/redstart/user/domain/user_group_model.go:19.53,23.2 1 0
github.com/kujilabo/redstart/user/domain/user_group_model.go:25.33,27.2 1 0
github.com/kujilabo/redstart/user/domain/user_group_model.go:28.44,30.2 1 0
github.com/kujilabo/redstart/user/domain/user_group_model.go:52.166,62.54 2 0
github.com/kujilabo/redstart/user/domain/user_group_model.go:62.54,64.3 1 0
github.com/kujilabo/redstart/user/domain/user_group_model.go:66.2,66.15 1 0
github.com/kujilabo/redstart/user/domain/user_group_model.go:69.54,71.2 1 0
github.com/kujilabo/redstart/user/domain/user_group_model.go:73.61,75.2 1 0
github.com/kujilabo/redstart/user/domain/user_group_model.go:77.42,79.2 1 0
github.com/kujilabo/redstart/user/domain/user_group_model.go:81.43,83.2 1 0
github.com/kujilabo/redstart/user/domain/user_group_model.go:85.50,87.2 1 0
github.com/kujilabo/redstart/user/domain/user_group_model.go:89.47,91.2 1 0
github.com/kujilabo/redstart/user/gateway/app_user_repository.go:35.44,37.2 1 90
github.com/kujilabo/redstart/user/gateway/app_user_repository.go:39.105,41.16 2 81
github.com/kujilabo/redstart/user/gateway/app_user_repository.go:41.16,43.3 1 0
github.com/kujilabo/redstart/user/gateway/app_user_repository.go:45.2,46.16 2 81
github.com/kujilabo/redstart/user/gateway/app_user_repository.go:46.16,48.3 1 0
github.com/kujilabo/redstart/user/gateway/app_user_repository.go:50.2,51.16 2 81
github.com/kujilabo/redstart/user/gateway/app_user_repository.go:51.16,53.3 1 0
github.com/kujilabo/redstart/user/gateway/app_user_repository.go:55.2,56.16 2 81
github.com/kujilabo/redstart/user/gateway/app_user_repository.go:56.16,58.3 1 0
github.com/kujilabo/redstart/user/gateway/app_user_repository.go:60.2,60.26 1 81
github.com/kujilabo/redstart/user/gateway/app_user_repository.go:63.101,65.16 2 23
github.com/kujilabo/redstart/user/gateway/app_user_repository.go:65.16,67.3 1 0
github.com/kujilabo/redstart/user/gateway/app_user_repository.go:69.2,70.16 2 23
github.com/kujilabo/redstart/user/gateway/app_user_repository.go:70.16,72.3 1 0
github.com/kujilabo/redstart/user/gateway/app_user_repository.go:74.2,74.24 1 23
github.com/kujilabo/redstart/user/gateway/app_user_repository.go:77.154,78.45 1 12
github.com/kujilabo/redstart/user/gateway/app_user_repository.go:78.45,80.3 1 0
github.com/kujilabo/redstart/user/gateway/app_user_repository.go:82.2,83.16 2 12
github.com/kujilabo/redstart/user/gateway/app_user_repository.go:83.16,85.3 1 0
github.com/kujilabo/redstart/user/gateway/app_user_repository.go:87.2,88.16 2 12
github.com/kujilabo/redstart/user/gateway/app_user_repository.go:88.16,90.3 1 0
github.com/kujilabo/redstart/user/gateway/app_user_repository.go:92.2,93.16 2 12
github.com/kujilabo/redstart/user/gateway/app_user_repository.go:93.16,95.3 1 0
github.com/kujilabo/redstart/user/gateway/app_user_repository.go:97.2,97.25 1 12
github.com/kujilabo/redstart/user/gateway/app_user_repository.go:100.121,102.16 2 11
github.com/kujilabo/redstart/user/gateway/app_user_repository.go:102.16,104.3 1 0
github.com/kujilabo/redstart/user/gateway/app_user_repository.go:106.2,106.46 1 11
github.com/kujilabo/redstart/user/gateway/app_user_repository.go:109.147,111.16 2 24
github.com/kujilabo/redstart/user/gateway/app_user_repository.go:111.16,113.3 1 0
github.com/kujilabo/redstart/user/gateway/app_user_repository.go:115.2,116.16 2 24
github.com/kujilabo/redstart/user/gateway/app_user_repository.go:116.16,118.3 1 0
github.com/kujilabo/redstart/user/gateway/app_user_repository.go:120.2,120.21 1 24
github.com/kujilabo/redstart/user/gateway/app_user_repository.go:123.136,128.2 1 59
github.com/kujilabo/redstart/user/gateway/app_user_repository.go:130.183,137.55 6 2
github.com/kujilabo/redstart/user/gateway/app_user_repository.go:137.55,138.54 1 1
github.com/kujilabo/redstart/user/gateway/app_user_repository.go:138.54,140.4 1 1
github.com/kujilabo/redstart/user/gateway/app_user_repository.go:141.3,141.27 1 0
github.com/kujilabo/redstart/user/gateway/app_user_repository.go:144.2,144.46 1 1
github.com/kujilabo/redstart/user/gateway/app_user_repository.go:147.199,156.40 4 12
github.com/kujilabo/redstart/user/gateway/app_user_repository.go:156.40,157.54 1 1
github.com/kujilabo/redstart/user/gateway/app_user_repository.go:157.54,159.4 1 1
github.com/kujilabo/redstart/user/gateway/app_user_repository.go:161.3,161.27 1 0
github.com/kujilabo/redstart/user/gateway/app_user_repository.go:164.2,165.16 2 11
github.com/kujilabo/redstart/user/gateway/app_user_repository.go:165.16,167.3 1 0
github.com/kujilabo/redstart/user/gateway/app_user_repository.go:169.2,170.33 2 11
github.com/kujilabo/redstart/user/gateway/app_user_repository.go:170.33,171.38 1 10
github.com/kujilabo/redstart/user/gateway/app_user_repository.go:171.38,174.18 3 10
github.com/kujilabo/redstart/user/gateway/app_user_repository.go:174.18,176.5 1 0
github.com/kujilabo/redstart/user/gateway/app_user_repository.go:178.4,178.30 1 10
github.com/kujilabo/redstart/user/gateway/app_user_repository.go:182.2,182.53 1 11
github.com/kujilabo/redstart/user/gateway/app_user_repository.go:185.169,192.55 6 24
github.com/kujilabo/redstart/user/gateway/app_user_repository.go:192.55,193.54 1 1
github.com/kujilabo/redstart/user/gateway/app_user_repository.go:193.54,195.4 1 1
github.com/kujilabo/redstart/user/gateway/app_user_repository.go:197.3,197.27 1 0
github.com/kujilabo/redstart/user/gateway/app_user_repository.go:200.2,201.16 2 23
github.com/kujilabo/redstart/user/gateway/app_user_repository.go:201.16,203.3 1 0
github.com/kujilabo/redstart/user/gateway/app_user_repository.go:205.2,208.33 3 23
github.com/kujilabo/redstart/user/gateway/app_user_repository.go:208.33,210.38 2 17
github.com/kujilabo/redstart/user/gateway/app_user_repository.go:210.38,213.18 3 17
github.com/kujilabo/redstart/user/gateway/app_user_repository.go:213.18,215.5 1 0
github.com/kujilabo/redstart/user/gateway/app_user_repository.go:217.4,217.30 1 17
github.com/kujilabo/redstart/user/gateway/app_user_repository.go:221.2,223.49 2 23
github.com/kujilabo/redstart/user/gateway/app_user_repository.go:226.142,233.55 6 2
github.com/kujilabo/redstart/user/gateway/app_user_repository.go:233.55,234.54 1 1
github.com/kujilabo/redstart/user/gateway/app_user_repository.go:234.54,236.4 1 1
github.com/kujilabo/redstart/user/gateway/app_user_repository.go:238.3,238.27 1 0
github.com/kujilabo/redstart/user/gateway/app_user_repository.go:241.2,241.42 1 1
github.com/kujilabo/redstart/user/gateway/app_user_repository.go:244.142,260.55 6 12
github.com/kujilabo/redstart/user/gateway/app_user_repository.go:260.55,261.54 1 1
github.com/kujilabo/redstart/user/gateway/app_user_repository.go:261.54,263.4 1 1
github.com/kujilabo/redstart/user/gateway/app_user_repository.go:265.3,265.27 1 0
github.com/kujilabo/redstart/user/gateway/app_user_repository.go:268.2,268.35 1 11
github.com/kujilabo/redstart/user/gateway/app_user_repository.go:271.117,272.63 1 28
github.com/kujilabo/redstart/user/gateway/app_user_repository.go:272.63,274.3 1 0
github.com/kujilabo/redstart/user/gateway/app_user_repository.go:276.2,277.16 2 28
github.com/kujilabo/redstart/user/gateway/app_user_repository.go:277.16,279.3 1 0
github.com/kujilabo/redstart/user/gateway/app_user_repository.go:281.2,281.23 1 28
github.com/kujilabo/redstart/user/gateway/app_user_repository.go:284.150,289.35 4 18
github.com/kujilabo/redstart/user/gateway/app_user_repository.go:289.35,291.17 2 18
github.com/kujilabo/redstart/user/gateway/app_user_repository.go:291.17,293.4 1 0
github.com/kujilabo/redstart/user/gateway/app_user_repository.go:295.3,295.37 1 18
github.com/kujilabo/redstart/user/gateway/app_user_repository.go:298.2,311.16 3 18
github.com/kujilabo/redstart/user/gateway/app_user_repository.go:311.16,313.3 1 0
github.com/kujilabo/redstart/user/gateway/app_user_repository.go:315.2,315.23 1 18
github.com/kujilabo/redstart/user/gateway/app_user_repository.go:318.163,334.16 5 10
github.com/kujilabo/redstart/user/gateway/app_user_repository.go:334.16,336.3 1 0
github.com/kujilabo/redstart/user/gateway/app_user_repository.go:338.2,338.23 1 10
github.com/kujilabo/redstart/user/gateway/model_entity.go:18.70,20.16 2 124
github.com/kujilabo/redstart/user/gateway/model_entity.go:20.16,22.3 1 0
github.com/kujilabo/redstart/user/gateway/model_entity.go:24.2,24.19 1 124
github.com/kujilabo/redstart/user/gateway/organization_repository.go:26.49,28.2 1 10
github.com/kujilabo/redstart/user/gateway/organization_repository.go:30.70,32.16 2 6
github.com/kujilabo/redstart/user/gateway/organization_repository.go:32.16,34.3 1 0
github.com/kujilabo/redstart/user/gateway/organization_repository.go:36.2,37.16 2 6
github.com/kujilabo/redstart/user/gateway/organization_repository.go:37.16,39.3 1 0
github.com/kujilabo/redstart/user/gateway/organization_repository.go:41.2,42.16 2 6
github.com/kujilabo/redstart/user/gateway/organization_repository.go:42.16,44.3 1 0
github.com/kujilabo/redstart/user/gateway/organization_repository.go:46.2,47.16 2 6
github.com/kujilabo/redstart/user/gateway/organization_repository.go:47.16,49.3 1 0
github.com/kujilabo/redstart/user/gateway/organization_repository.go:51.2,51.17 1 6
github.com/kujilabo/redstart/user/gateway/organization_repository.go:54.97,58.2 1 36
github.com/kujilabo/redstart/user/gateway/organization_repository.go:60.131,68.47 4 5
github.com/kujilabo/redstart/user/gateway/organization_repository.go:68.47,69.54 1 1
github.com/kujilabo/redstart/user/gateway/organization_repository.go:69.54,71.4 1 1
github.com/kujilabo/redstart/user/gateway/organization_repository.go:72.3,72.27 1 0
github.com/kujilabo/redstart/user/gateway/organization_repository.go:75.2,75.31 1 4
github.com/kujilabo/redstart/user/gateway/organization_repository.go:78.155,86.47 4 2
github.com/kujilabo/redstart/user/gateway/organization_repository.go:86.47,87.54 1 1
github.com/kujilabo/redstart/user/gateway/organization_repository.go:87.54,89.4 1 1
github.com/kujilabo/redstart/user/gateway/organization_repository.go:90.3,90.27 1 0
github.com/kujilabo/redstart/user/gateway/organization_repository.go:93.2,93.31 1 1
github.com/kujilabo/redstart/user/gateway/organization_repository.go:96.166,104.47 4 2
github.com/kujilabo/redstart/user/gateway/organization_repository.go:104.47,105.54 1 1
github.com/kujilabo/redstart/user/gateway/organization_repository.go:105.54,107.4 1 1
github.com/kujilabo/redstart/user/gateway/organization_repository.go:108.3,108.27 1 0
github.com/kujilabo/redstart/user/gateway/organization_repository.go:111.2,111.31 1 1
github.com/kujilabo/redstart/user/gateway/organization_repository.go:114.176,127.63 4 10
github.com/kujilabo/redstart/user/gateway/organization_repository.go:127.63,129.3 1 0
github.com/kujilabo/redstart/user/gateway/organization_repository.go:131.2,132.16 2 10
github.com/kujilabo/redstart/user/gateway/organization_repository.go:132.16,134.3 1 0
github.com/kujilabo/redstart/user/gateway/organization_repository.go:136.2,136.28 1 10
github.com/kujilabo/redstart/user/gateway/pair_of_user_and_group_repository.go:31.55,33.2 1 22
github.com/kujilabo/redstart/user/gateway/pair_of_user_and_group_repository.go:35.139,40.2 1 51
github.com/kujilabo/redstart/user/gateway/pair_of_user_and_group_repository.go:42.205,46.163 3 10
github.com/kujilabo/redstart/user/gateway/pair_of_user_and_group_repository.go:46.163,48.3 1 0
github.com/kujilabo/redstart/user/gateway/pair_of_user_and_group_repository.go:50.2,50.12 1 10
github.com/kujilabo/redstart/user/gateway/pair_of_user_and_group_repository.go:53.179,62.16 5 17
github.com/kujilabo/redstart/user/gateway/pair_of_user_and_group_repository.go:62.16,64.3 1 0
github.com/kujilabo/redstart/user/gateway/pair_of_user_and_group_repository.go:65.2,65.9 1 17
github.com/kujilabo/redstart/user/gateway/pair_of_user_and_group_repository.go:65.9,67.3 1 1
github.com/kujilabo/redstart/user/gateway/pair_of_user_and_group_repository.go:69.2,71.16 3 16
github.com/kujilabo/redstart/user/gateway/pair_of_user_and_group_repository.go:71.16,73.3 1 0
github.com/kujilabo/redstart/user/gateway/pair_of_user_and_group_repository.go:75.2,75.134 1 16
github.com/kujilabo/redstart/user/gateway/pair_of_user_and_group_repository.go:75.134,77.3 1 0
github.com/kujilabo/redstart/user/gateway/pair_of_user_and_group_repository.go:78.2,78.12 1 16
github.com/kujilabo/redstart/user/gateway/pair_of_user_and_group_repository.go:81.219,91.69 2 26
github.com/kujilabo/redstart/user/gateway/pair_of_user_and_group_repository.go:91.69,93.3 1 0
github.com/kujilabo/redstart/user/gateway/pair_of_user_and_group_repository.go:95.2,101.97 5 26
github.com/kujilabo/redstart/user/gateway/pair_of_user_and_group_repository.go:101.97,103.3 1 0
github.com/kujilabo/redstart/user/gateway/pair_of_user_and_group_repository.go:105.2,105.12 1 26
github.com/kujilabo/redstart/user/gateway/pair_of_user_and_group_repository.go:108.182,116.16 6 0
github.com/kujilabo/redstart/user/gateway/pair_of_user_and_group_repository.go:116.16,118.3 1 0
github.com/kujilabo/redstart/user/gateway/pair_of_user_and_group_repository.go:119.2,119.9 1 0
github.com/kujilabo/redstart/user/gateway/pair_of_user_and_group_repository.go:119.9,121.3 1 0
github.com/kujilabo/redstart/user/gateway/pair_of_user_and_group_repository.go:123.2,125.16 3 0
github.com/kujilabo/redstart/user/gateway/pair_of_user_and_group_repository.go:125.16,127.3 1 0
github.com/kujilabo/redstart/user/gateway/pair_of_user_and_group_repository.go:129.2,129.134 1 0
github.com/kujilabo/redstart/user/gateway/pair_of_user_and_group_repository.go:129.134,131.3 1 0
github.com/kujilabo/redstart/user/gateway/pair_of_user_and_group_repository.go:132.2,132.12 1 0
github.com/kujilabo/redstart/user/gateway/pair_of_user_and_group_repository.go:135.176,140.16 4 17
github.com/kujilabo/redstart/user/gateway/pair_of_user_and_group_repository.go:140.16,142.3 1 0
github.com/kujilabo/redstart/user/gateway/pair_of_user_and_group_repository.go:144.2,145.52 2 17
github.com/kujilabo/redstart/user/gateway/pair_of_user_and_group_repository.go:145.52,147.3 1 16
github.com/kujilabo/redstart/user/gateway/pair_of_user_and_group_repository.go:149.2,152.16 4 17
github.com/kujilabo/redstart/user/gateway/pair_of_user_and_group_repository.go:152.16,154.3 1 0
github.com/kujilabo/redstart/user/gateway/pair_of_user_and_group_repository.go:156.2,156.37 1 17
github.com/kujilabo/redstart/user/gateway/pair_of_user_and_group_repository.go:156.37,158.17 2 17
github.com/kujilabo/redstart/user/gateway/pair_of_user_and_group_repository.go:158.17,160.4 1 0
github.com/kujilabo/redstart/user/gateway/pair_of_user_and_group_repository.go:161.3,161.9 1 17
github.com/kujilabo/redstart/user/gateway/pair_of_user_and_group_repository.go:161.9,163.4 1 16
github.com/kujilabo/redstart/user/gateway/pair_of_user_and_group_repository.go:166.2,166.19 1 1
github.com/kujilabo/redstart/user/gateway/pair_of_user_and_group_repository.go:169.175,179.42 2 31
github.com/kujilabo/redstart/user/gateway/pair_of_user_and_group_repository.go:179.42,181.3 1 0
github.com/kujilabo/redstart/user/gateway/pair_of_user_and_group_repository.go:183.2,184.31 2 31
github.com/kujilabo/redstart/user/gateway/pair_of_user_and_group_repository.go:184.31,186.17 2 22
github.com/kujilabo/redstart/user/gateway/pair_of_user_and_group_repository.go:186.17,188.4 1 0
github.com/kujilabo/redstart/user/gateway/pair_of_user_and_group_repository.go:189.3,189.25 1 22
github.com/kujilabo/redstart/user/gateway/pair_of_user_and_group_repository.go:192.2,192.29 1 31
github.com/kujilabo/redstart/user/gateway/rbac_repository.go:54.81,55.15 1 65
github.com/kujilabo/redstart/user/gateway/rbac_repository.go:55.15,56.33 1 0
github.com/kujilabo/redstart/user/gateway/rbac_repository.go:59.2,61.3 1 65
github.com/kujilabo/redstart/user/gateway/rbac_repository.go:64.39,66.16 2 0
github.com/kujilabo/redstart/user/gateway/rbac_repository.go:66.16,68.3 1 0
github.com/kujilabo/redstart/user/gateway/rbac_repository.go:70.2,71.16 2 0
github.com/kujilabo/redstart/user/gateway/rbac_repository.go:71.16,73.3 1 0
github.com/kujilabo/redstart/user/gateway/rbac_repository.go:75.2,75.40 1 0
github.com/kujilabo/redstart/user/gateway/rbac_repository.go:75.40,77.3 1 0
github.com/kujilabo/redstart/user/gateway/rbac_repository.go:79.2,79.12 1 0
github.com/kujilabo/redstart/user/gateway/rbac_repository.go:82.67,84.16 2 63
github.com/kujilabo/redstart/user/gateway/rbac_repository.go:84.16,86.3 1 0
github.com/kujilabo/redstart/user/gateway/rbac_repository.go:88.2,89.16 2 63
github.com/kujilabo/redstart/user/gateway/rbac_repository.go:89.16,91.3 1 0
github.com/kujilabo/redstart/user/gateway/rbac_repository.go:93.2,94.16 2 63
github.com/kujilabo/redstart/user/gateway/rbac_repository.go:94.16,96.3 1 0
github.com/kujilabo/redstart/user/gateway/rbac_repository.go:98.2,98.15 1 63
github.com/kujilabo/redstart/user/gateway/rbac_repository.go:101.174,103.16 2 20
github.com/kujilabo/redstart/user/gateway/rbac_repository.go:103.16,105.3 1 0
github.com/kujilabo/redstart/user/gateway/rbac_repository.go:107.2,107.136 1 20
github.com/kujilabo/redstart/user/gateway/rbac_repository.go:107.136,109.3 1 0
github.com/kujilabo/redstart/user/gateway/rbac_repository.go:111.2,111.12 1 20
github.com/kujilabo/redstart/user/gateway/rbac_repository.go:114.132,116.16 2 26
github.com/kujilabo/redstart/user/gateway/rbac_repository.go:116.16,118.3 1 0
github.com/kujilabo/redstart/user/gateway/rbac_repository.go:120.2,120.108 1 26
github.com/kujilabo/redstart/user/gateway/rbac_repository.go:120.108,122.3 1 0
github.com/kujilabo/redstart/user/gateway/rbac_repository.go:124.2,124.12 1 26
github.com/kujilabo/redstart/user/gateway/rbac_repository.go:127.133,129.16 2 0
github.com/kujilabo/redstart/user/gateway/rbac_repository.go:129.16,131.3 1 0
github.com/kujilabo/redstart/user/gateway/rbac_repository.go:133.2,133.108 1 0
github.com/kujilabo/redstart/user/gateway/rbac_repository.go:133.108,135.3 1 0
github.com/kujilabo/redstart/user/gateway/rbac_repository.go:137.2,137.12 1 0
github.com/kujilabo/redstart/user/gateway/rbac_repository.go:140.133,142.27 2 17
github.com/kujilabo/redstart/user/gateway/rbac_repository.go:142.27,144.3 1 16
github.com/kujilabo/redstart/user/gateway/rbac_repository.go:145.2,145.26 1 17
github.com/kujilabo/redstart/user/gateway/rbac_repository.go:145.26,147.3 1 17
github.com/kujilabo/redstart/user/gateway/rbac_repository.go:148.2,149.16 2 17
github.com/kujilabo/redstart/user/gateway/rbac_repository.go:149.16,151.3 1 0
github.com/kujilabo/redstart/user/gateway/rbac_repository.go:152.2,152.79 1 17
github.com/kujilabo/redstart/user/gateway/rbac_repository.go:152.79,154.3 1 0
github.com/kujilabo/redstart/user/gateway/rbac_repository.go:155.2,155.15 1 17
github.com/kujilabo/redstart/user/gateway/repository_factory.go:20.140,21.15 1 10
github.com/kujilabo/redstart/user/gateway/repository_factory.go:21.15,23.3 1 0
github.com/kujilabo/redstart/user/gateway/repository_factory.go:25.2,29.8 1 10
github.com/kujilabo/redstart/user/gateway/repository_factory.go:32.107,34.2 1 22
github.com/kujilabo/redstart/user/gateway/repository_factory.go:36.97,38.2 1 44
github.com/kujilabo/redstart/user/gateway/repository_factory.go:40.101,42.2 1 32
github.com/kujilabo/redstart/user/gateway/repository_factory.go:44.119,46.2 1 39
github.com/kujilabo/redstart/user/gateway/repository_factory.go:48.91,50.2 1 55
github.com/kujilabo/redstart/user/gateway/transaction_manager.go:16.104,21.2 1 0
github.com/kujilabo/redstart/user/gateway/transaction_manager.go:23.105,24.50 1 0
github.com/kujilabo/redstart/user/gateway/transaction_manager.go:24.50,26.17 2 0
github.com/kujilabo/redstart/user/gateway/transaction_manager.go:26.17,28.4 1 0
github.com/kujilabo/redstart/user/gateway/transaction_manager.go:29.3,29.16 1 0
github.com/kujilabo/redstart/user/gateway/transaction_manager.go:37.98,41.2 1 0
github.com/kujilabo/redstart/user/gateway/transaction_manager.go:43.109,45.2 1 0
github.com/kujilabo/redstart/user/gateway/user_group_repository.go:28.46,30.2 1 34
github.com/kujilabo/redstart/user/gateway/user_group_repository.go:32.77,34.16 2 43
github.com/kujilabo/redstart/user/gateway/user_group_repository.go:34.16,36.3 1 0
github.com/kujilabo/redstart/user/gateway/user_group_repository.go:38.2,39.16 2 43
github.com/kujilabo/redstart/user/gateway/user_group_repository.go:39.16,41.3 1 0
github.com/kujilabo/redstart/user/gateway/user_group_repository.go:43.2,44.16 2 43
github.com/kujilabo/redstart/user/gateway/user_group_repository.go:44.16,46.3 1 0
github.com/kujilabo/redstart/user/gateway/user_group_repository.go:48.2,49.16 2 43
github.com/kujilabo/redstart/user/gateway/user_group_repository.go:49.16,51.3 1 0
github.com/kujilabo/redstart/user/gateway/user_group_repository.go:53.2,53.28 1 43
github.com/kujilabo/redstart/user/gateway/user_group_repository.go:56.68,58.16 2 21
github.com/kujilabo/redstart/user/gateway/user_group_repository.go:58.16,60.3 1 0
github.com/kujilabo/redstart/user/gateway/user_group_repository.go:62.2,63.16 2 21
github.com/kujilabo/redstart/user/gateway/user_group_repository.go:63.16,65.3 1 0
github.com/kujilabo/redstart/user/gateway/user_group_repository.go:67.2,67.23 1 21
github.com/kujilabo/redstart/user/gateway/user_group_repository.go:74.91,78.2 1 43
github.com/kujilabo/redstart/user/gateway/user_group_repository.go:80.172,88.43 4 0
github.com/kujilabo/redstart/user/gateway/user_group_repository.go:88.43,90.3 1 0
github.com/kujilabo/redstart/user/gateway/user_group_repository.go:91.2,91.32 1 0
github.com/kujilabo/redstart/user/gateway/user_group_repository.go:94.159,101.41 4 20
github.com/kujilabo/redstart/user/gateway/user_group_repository.go:101.41,103.3 1 0
github.com/kujilabo/redstart/user/gateway/user_group_repository.go:104.2,104.32 1 20
github.com/kujilabo/redstart/user/gateway/user_group_repository.go:107.140,114.41 4 1
github.com/kujilabo/redstart/user/gateway/user_group_repository.go:114.41,116.3 1 0
github.com/kujilabo/redstart/user/gateway/user_group_repository.go:117.2,117.32 1 1
github.com/kujilabo/redstart/user/gateway/user_group_repository.go:120.172,134.60 4 10
github.com/kujilabo/redstart/user/gateway/user_group_repository.go:134.60,136.3 1 0
github.com/kujilabo/redstart/user/gateway/user_group_repository.go:138.2,139.16 2 10
github.com/kujilabo/redstart/user/gateway/user_group_repository.go:139.16,141.3 1 0
github.com/kujilabo/redstart/user/gateway/user_group_repository.go:143.2,143.25 1 10
github.com/kujilabo/redstart/user/gateway/user_group_repository.go:146.166,160.60 4 10
github.com/kujilabo/redstart/user/gateway/user_group_repository.go:160.60,162.3 1 0
github.com/kujilabo/redstart/user/gateway/user_group_repository.go:164.2,165.16 2 10
github.com/kujilabo/redstart/user/gateway/user_group_repository.go:165.16,167.3 1 0
github.com/kujilabo/redstart/user/gateway/user_group_repository.go:169.2,169.25 1 10
github.com/kujilabo/redstart/user/gateway/user_group_repository.go:172.162,187.60 4 4
github.com/kujilabo/redstart/user/gateway/user_group_repository.go:187.60,189.3 1 0
github.com/kujilabo/redstart/user/gateway/user_group_repository.go:191.2,192.16 2 4
github.com/kujilabo/redstart/user/gateway/user_group_repository.go:192.16,194.3 1 0
github.com/kujilabo/redstart/user/gateway/user_group_repository.go:196.2,196.25 1 4
github.com/kujilabo/redstart/user/gateway/wrapped_db.go:20.72,23.2 2 12
github.com/kujilabo/redstart/user/gateway/wrapped_db.go:25.79,28.2 2 12
github.com/kujilabo/redstart/user/gateway/wrapped_db.go:30.78,33.2 2 52
github.com/kujilabo/redstart/user/gateway/wrapped_db.go:35.73,38.2 2 24
github.com/kujilabo/redstart/user/gateway/wrapped_db.go:40.110,43.2 2 64
github.com/kujilabo/redstart/user/gateway/wrapped_db.go:45.68,48.2 2 52
github.com/kujilabo/redstart/user/gateway/wrapped_db.go:50.47,52.2 1 40
github.com/kujilabo/redstart/user/gateway/wrapped_db.go:54.49,56.2 1 12
github.com/kujilabo/redstart/user/gateway/wrapped_db.go:58.58,60.2 1 12
