mode: atomic
github.com/kujilabo/redstart/user/domain/app_user_model.go:18.49,22.2 1 2
github.com/kujilabo/redstart/user/domain/app_user_model.go:24.31,26.2 1 0
github.com/kujilabo/redstart/user/domain/app_user_model.go:27.40,29.2 1 0
github.com/kujilabo/redstart/user/domain/app_user_model.go:49.180,59.54 2 1
github.com/kujilabo/redstart/user/domain/app_user_model.go:59.54,61.3 1 0
github.com/kujilabo/redstart/user/domain/app_user_model.go:63.2,63.15 1 1
github.com/kujilabo/redstart/user/domain/app_user_model.go:66.49,68.2 1 0
github.com/kujilabo/redstart/user/domain/app_user_model.go:70.59,72.2 1 0
github.com/kujilabo/redstart/user/domain/app_user_model.go:74.44,76.2 1 0
github.com/kujilabo/redstart/user/domain/app_user_model.go:78.45,80.2 1 0
github.com/kujilabo/redstart/user/domain/app_user_model.go:82.55,84.2 1 0
github.com/kujilabo/redstart/user/domain/init.go:5.13,8.16 3 1
github.com/kujilabo/redstart/user/domain/init.go:8.16,9.13 1 0
github.com/kujilabo/redstart/user/domain/init.go:11.2,11.34 1 1
github.com/kujilabo/redstart/user/domain/organization_model.go:17.59,21.2 1 1
github.com/kujilabo/redstart/user/domain/organization_model.go:23.36,25.2 1 0
github.com/kujilabo/redstart/user/domain/organization_model.go:26.50,28.2 1 0
github.com/kujilabo/redstart/user/domain/organization_model.go:42.129,48.54 2 0
github.com/kujilabo/redstart/user/domain/organization_model.go:48.54,50.3 1 0
github.com/kujilabo/redstart/user/domain/organization_model.go:52.2,52.15 1 0
github.com/kujilabo/redstart/user/domain/organization_model.go:55.52,57.2 1 0
github.com/kujilabo/redstart/user/domain/organization_model.go:59.46,61.2 1 0
github.com/kujilabo/redstart/user/domain/owner_model.go:12.62,16.2 1 1
github.com/kujilabo/redstart/user/domain/owner_model.go:18.42,20.2 1 0
github.com/kujilabo/redstart/user/domain/rbac.go:20.41,22.2 1 0
github.com/kujilabo/redstart/user/domain/rbac.go:24.37,26.2 1 0
github.com/kujilabo/redstart/user/domain/rbac.go:37.41,39.2 1 0
github.com/kujilabo/redstart/user/domain/rbac.go:41.37,43.2 1 0
github.com/kujilabo/redstart/user/domain/rbac.go:44.34,46.2 1 0
github.com/kujilabo/redstart/user/domain/rbac.go:56.45,58.2 1 0
github.com/kujilabo/redstart/user/domain/rbac.go:60.38,62.2 1 0
github.com/kujilabo/redstart/user/domain/rbac.go:72.45,74.2 1 0
github.com/kujilabo/redstart/user/domain/rbac.go:76.38,78.2 1 0
github.com/kujilabo/redstart/user/domain/system_admin_model.go:11.45,13.2 1 0
github.com/kujilabo/redstart/user/domain/system_admin_model.go:15.53,17.2 1 0
github.com/kujilabo/redstart/user/domain/system_admin_model.go:19.54,21.2 1 0
github.com/kujilabo/redstart/user/domain/system_owner_model.go:20.72,25.54 2 1
github.com/kujilabo/redstart/user/domain/system_owner_model.go:25.54,27.3 1 0
github.com/kujilabo/redstart/user/domain/system_owner_model.go:29.2,29.15 1 1
github.com/kujilabo/redstart/user/domain/system_owner_model.go:32.54,34.2 1 0
github.com/kujilabo/redstart/user/domain/user_group_model.go:16.53,20.2 1 0
github.com/kujilabo/redstart/user/domain/user_group_model.go:22.33,24.2 1 0
github.com/kujilabo/redstart/user/domain/user_group_model.go:45.166,55.54 2 0
github.com/kujilabo/redstart/user/domain/user_group_model.go:55.54,57.3 1 0
github.com/kujilabo/redstart/user/domain/user_group_model.go:59.2,59.15 1 0
github.com/kujilabo/redstart/user/domain/user_group_model.go:62.54,64.2 1 0
github.com/kujilabo/redstart/user/domain/user_group_model.go:66.61,68.2 1 0
github.com/kujilabo/redstart/user/domain/user_group_model.go:70.42,72.2 1 0
github.com/kujilabo/redstart/user/domain/user_group_model.go:74.43,76.2 1 0
github.com/kujilabo/redstart/user/domain/user_group_model.go:78.50,80.2 1 0
github.com/kujilabo/redstart/user/domain/user_role.go:11.33,13.2 1 0
github.com/kujilabo/redstart/user/domain/user_role_model.go:19.51,23.2 1 0
github.com/kujilabo/redstart/user/domain/user_role_model.go:25.32,27.2 1 0
github.com/kujilabo/redstart/user/domain/user_role_model.go:28.42,30.2 1 0
github.com/kujilabo/redstart/user/domain/user_role_model.go:52.162,62.54 2 0
github.com/kujilabo/redstart/user/domain/user_role_model.go:62.54,64.3 1 0
github.com/kujilabo/redstart/user/domain/user_role_model.go:66.2,66.15 1 0
github.com/kujilabo/redstart/user/domain/user_role_model.go:69.51,71.2 1 0
github.com/kujilabo/redstart/user/domain/user_role_model.go:73.60,75.2 1 0
github.com/kujilabo/redstart/user/domain/user_role_model.go:77.41,79.2 1 0
github.com/kujilabo/redstart/user/domain/user_role_model.go:81.42,83.2 1 0
github.com/kujilabo/redstart/user/domain/user_role_model.go:85.49,87.2 1 0
github.com/kujilabo/redstart/user/domain/user_role_model.go:89.45,91.2 1 0
github.com/kujilabo/redstart/user/gateway/app_user_repository.go:35.44,37.2 1 73
github.com/kujilabo/redstart/user/gateway/app_user_repository.go:39.103,41.16 2 64
github.com/kujilabo/redstart/user/gateway/app_user_repository.go:41.16,43.3 1 0
github.com/kujilabo/redstart/user/gateway/app_user_repository.go:45.2,46.16 2 64
github.com/kujilabo/redstart/user/gateway/app_user_repository.go:46.16,48.3 1 0
github.com/kujilabo/redstart/user/gateway/app_user_repository.go:50.2,51.16 2 64
github.com/kujilabo/redstart/user/gateway/app_user_repository.go:51.16,53.3 1 0
github.com/kujilabo/redstart/user/gateway/app_user_repository.go:55.2,56.16 2 64
github.com/kujilabo/redstart/user/gateway/app_user_repository.go:56.16,58.3 1 0
github.com/kujilabo/redstart/user/gateway/app_user_repository.go:60.2,60.26 1 64
github.com/kujilabo/redstart/user/gateway/app_user_repository.go:63.99,65.16 2 21
github.com/kujilabo/redstart/user/gateway/app_user_repository.go:65.16,67.3 1 0
github.com/kujilabo/redstart/user/gateway/app_user_repository.go:69.2,70.16 2 21
github.com/kujilabo/redstart/user/gateway/app_user_repository.go:70.16,72.3 1 0
github.com/kujilabo/redstart/user/gateway/app_user_repository.go:74.2,74.24 1 21
github.com/kujilabo/redstart/user/gateway/app_user_repository.go:77.153,78.37 1 11
github.com/kujilabo/redstart/user/gateway/app_user_repository.go:78.37,80.3 1 0
github.com/kujilabo/redstart/user/gateway/app_user_repository.go:82.2,83.16 2 11
github.com/kujilabo/redstart/user/gateway/app_user_repository.go:83.16,85.3 1 0
github.com/kujilabo/redstart/user/gateway/app_user_repository.go:87.2,88.16 2 11
github.com/kujilabo/redstart/user/gateway/app_user_repository.go:88.16,90.3 1 0
github.com/kujilabo/redstart/user/gateway/app_user_repository.go:92.2,93.16 2 11
github.com/kujilabo/redstart/user/gateway/app_user_repository.go:93.16,95.3 1 0
github.com/kujilabo/redstart/user/gateway/app_user_repository.go:97.2,97.25 1 11
github.com/kujilabo/redstart/user/gateway/app_user_repository.go:100.120,102.16 2 10
github.com/kujilabo/redstart/user/gateway/app_user_repository.go:102.16,104.3 1 0
github.com/kujilabo/redstart/user/gateway/app_user_repository.go:106.2,106.46 1 10
github.com/kujilabo/redstart/user/gateway/app_user_repository.go:109.145,111.16 2 17
github.com/kujilabo/redstart/user/gateway/app_user_repository.go:111.16,113.3 1 0
github.com/kujilabo/redstart/user/gateway/app_user_repository.go:115.2,116.16 2 17
github.com/kujilabo/redstart/user/gateway/app_user_repository.go:116.16,118.3 1 0
github.com/kujilabo/redstart/user/gateway/app_user_repository.go:120.2,120.21 1 17
github.com/kujilabo/redstart/user/gateway/app_user_repository.go:123.136,128.2 1 49
github.com/kujilabo/redstart/user/gateway/app_user_repository.go:130.183,137.55 6 2
github.com/kujilabo/redstart/user/gateway/app_user_repository.go:137.55,138.54 1 1
github.com/kujilabo/redstart/user/gateway/app_user_repository.go:138.54,140.4 1 1
github.com/kujilabo/redstart/user/gateway/app_user_repository.go:141.3,141.27 1 0
github.com/kujilabo/redstart/user/gateway/app_user_repository.go:144.2,144.46 1 1
github.com/kujilabo/redstart/user/gateway/app_user_repository.go:147.199,156.40 4 11
github.com/kujilabo/redstart/user/gateway/app_user_repository.go:156.40,157.54 1 1
github.com/kujilabo/redstart/user/gateway/app_user_repository.go:157.54,159.4 1 1
github.com/kujilabo/redstart/user/gateway/app_user_repository.go:161.3,161.27 1 0
github.com/kujilabo/redstart/user/gateway/app_user_repository.go:164.2,165.16 2 10
github.com/kujilabo/redstart/user/gateway/app_user_repository.go:165.16,167.3 1 0
github.com/kujilabo/redstart/user/gateway/app_user_repository.go:169.2,170.33 2 10
github.com/kujilabo/redstart/user/gateway/app_user_repository.go:170.33,171.37 1 9
github.com/kujilabo/redstart/user/gateway/app_user_repository.go:171.37,174.18 3 9
github.com/kujilabo/redstart/user/gateway/app_user_repository.go:174.18,176.5 1 0
github.com/kujilabo/redstart/user/gateway/app_user_repository.go:178.4,178.28 1 9
github.com/kujilabo/redstart/user/gateway/app_user_repository.go:182.2,182.52 1 10
github.com/kujilabo/redstart/user/gateway/app_user_repository.go:185.169,192.55 6 17
github.com/kujilabo/redstart/user/gateway/app_user_repository.go:192.55,193.54 1 1
github.com/kujilabo/redstart/user/gateway/app_user_repository.go:193.54,195.4 1 1
github.com/kujilabo/redstart/user/gateway/app_user_repository.go:197.3,197.27 1 0
github.com/kujilabo/redstart/user/gateway/app_user_repository.go:200.2,201.16 2 16
github.com/kujilabo/redstart/user/gateway/app_user_repository.go:201.16,203.3 1 0
github.com/kujilabo/redstart/user/gateway/app_user_repository.go:205.2,208.33 3 16
github.com/kujilabo/redstart/user/gateway/app_user_repository.go:208.33,210.37 2 13
github.com/kujilabo/redstart/user/gateway/app_user_repository.go:210.37,213.18 3 13
github.com/kujilabo/redstart/user/gateway/app_user_repository.go:213.18,215.5 1 0
github.com/kujilabo/redstart/user/gateway/app_user_repository.go:217.4,217.28 1 13
github.com/kujilabo/redstart/user/gateway/app_user_repository.go:221.2,223.48 2 16
github.com/kujilabo/redstart/user/gateway/app_user_repository.go:226.142,233.55 6 2
github.com/kujilabo/redstart/user/gateway/app_user_repository.go:233.55,234.54 1 1
github.com/kujilabo/redstart/user/gateway/app_user_repository.go:234.54,236.4 1 1
github.com/kujilabo/redstart/user/gateway/app_user_repository.go:238.3,238.27 1 0
github.com/kujilabo/redstart/user/gateway/app_user_repository.go:241.2,241.42 1 1
github.com/kujilabo/redstart/user/gateway/app_user_repository.go:244.142,260.55 6 11
github.com/kujilabo/redstart/user/gateway/app_user_repository.go:260.55,261.54 1 1
github.com/kujilabo/redstart/user/gateway/app_user_repository.go:261.54,263.4 1 1
github.com/kujilabo/redstart/user/gateway/app_user_repository.go:265.3,265.27 1 0
github.com/kujilabo/redstart/user/gateway/app_user_repository.go:268.2,268.35 1 10
github.com/kujilabo/redstart/user/gateway/app_user_repository.go:271.117,272.63 1 23
github.com/kujilabo/redstart/user/gateway/app_user_repository.go:272.63,274.3 1 0
github.com/kujilabo/redstart/user/gateway/app_user_repository.go:276.2,277.16 2 23
github.com/kujilabo/redstart/user/gateway/app_user_repository.go:277.16,279.3 1 0
github.com/kujilabo/redstart/user/gateway/app_user_repository.go:281.2,281.23 1 23
github.com/kujilabo/redstart/user/gateway/app_user_repository.go:284.150,289.35 4 5
github.com/kujilabo/redstart/user/gateway/app_user_repository.go:289.35,291.17 2 5
github.com/kujilabo/redstart/user/gateway/app_user_repository.go:291.17,293.4 1 0
github.com/kujilabo/redstart/user/gateway/app_user_repository.go:295.3,295.37 1 5
github.com/kujilabo/redstart/user/gateway/app_user_repository.go:298.2,311.16 3 5
github.com/kujilabo/redstart/user/gateway/app_user_repository.go:311.16,313.3 1 0
github.com/kujilabo/redstart/user/gateway/app_user_repository.go:315.2,315.23 1 5
github.com/kujilabo/redstart/user/gateway/app_user_repository.go:318.163,334.16 5 9
github.com/kujilabo/redstart/user/gateway/app_user_repository.go:334.16,336.3 1 0
github.com/kujilabo/redstart/user/gateway/app_user_repository.go:338.2,338.23 1 9
github.com/kujilabo/redstart/user/gateway/app_user_repository.go:341.162,346.16 4 9
github.com/kujilabo/redstart/user/gateway/app_user_repository.go:346.16,348.3 1 0
github.com/kujilabo/redstart/user/gateway/app_user_repository.go:350.2,363.16 3 9
github.com/kujilabo/redstart/user/gateway/app_user_repository.go:363.16,365.3 1 0
github.com/kujilabo/redstart/user/gateway/app_user_repository.go:367.2,367.23 1 9
github.com/kujilabo/redstart/user/gateway/model_entity.go:18.70,20.16 2 96
github.com/kujilabo/redstart/user/gateway/model_entity.go:20.16,22.3 1 0
github.com/kujilabo/redstart/user/gateway/model_entity.go:24.2,24.19 1 96
github.com/kujilabo/redstart/user/gateway/organization_repository.go:26.49,28.2 1 9
github.com/kujilabo/redstart/user/gateway/organization_repository.go:30.70,32.16 2 6
github.com/kujilabo/redstart/user/gateway/organization_repository.go:32.16,34.3 1 0
github.com/kujilabo/redstart/user/gateway/organization_repository.go:36.2,37.16 2 6
github.com/kujilabo/redstart/user/gateway/organization_repository.go:37.16,39.3 1 0
github.com/kujilabo/redstart/user/gateway/organization_repository.go:41.2,42.16 2 6
github.com/kujilabo/redstart/user/gateway/organization_repository.go:42.16,44.3 1 0
github.com/kujilabo/redstart/user/gateway/organization_repository.go:46.2,47.16 2 6
github.com/kujilabo/redstart/user/gateway/organization_repository.go:47.16,49.3 1 0
github.com/kujilabo/redstart/user/gateway/organization_repository.go:51.2,51.17 1 6
github.com/kujilabo/redstart/user/gateway/organization_repository.go:54.97,58.2 1 33
github.com/kujilabo/redstart/user/gateway/organization_repository.go:60.131,68.47 4 5
github.com/kujilabo/redstart/user/gateway/organization_repository.go:68.47,69.54 1 1
github.com/kujilabo/redstart/user/gateway/organization_repository.go:69.54,71.4 1 1
github.com/kujilabo/redstart/user/gateway/organization_repository.go:72.3,72.27 1 0
github.com/kujilabo/redstart/user/gateway/organization_repository.go:75.2,75.31 1 4
github.com/kujilabo/redstart/user/gateway/organization_repository.go:78.155,86.47 4 2
github.com/kujilabo/redstart/user/gateway/organization_repository.go:86.47,87.54 1 1
github.com/kujilabo/redstart/user/gateway/organization_repository.go:87.54,89.4 1 1
github.com/kujilabo/redstart/user/gateway/organization_repository.go:90.3,90.27 1 0
github.com/kujilabo/redstart/user/gateway/organization_repository.go:93.2,93.31 1 1
github.com/kujilabo/redstart/user/gateway/organization_repository.go:96.166,104.47 4 2
github.com/kujilabo/redstart/user/gateway/organization_repository.go:104.47,105.54 1 1
github.com/kujilabo/redstart/user/gateway/organization_repository.go:105.54,107.4 1 1
github.com/kujilabo/redstart/user/gateway/organization_repository.go:108.3,108.27 1 0
github.com/kujilabo/redstart/user/gateway/organization_repository.go:111.2,111.31 1 1
github.com/kujilabo/redstart/user/gateway/organization_repository.go:114.176,127.63 4 9
github.com/kujilabo/redstart/user/gateway/organization_repository.go:127.63,129.3 1 0
github.com/kujilabo/redstart/user/gateway/organization_repository.go:131.2,132.16 2 9
github.com/kujilabo/redstart/user/gateway/organization_repository.go:132.16,134.3 1 0
github.com/kujilabo/redstart/user/gateway/organization_repository.go:136.2,136.28 1 9
github.com/kujilabo/redstart/user/gateway/pair_of_user_and_group_repository.go:29.55,31.2 1 9
github.com/kujilabo/redstart/user/gateway/pair_of_user_and_group_repository.go:33.109,37.2 1 20
github.com/kujilabo/redstart/user/gateway/pair_of_user_and_group_repository.go:39.179,51.69 4 9
github.com/kujilabo/redstart/user/gateway/pair_of_user_and_group_repository.go:51.69,53.3 1 0
github.com/kujilabo/redstart/user/gateway/pair_of_user_and_group_repository.go:54.2,54.12 1 9
github.com/kujilabo/redstart/user/gateway/pair_of_user_and_role_repository.go:32.54,34.2 1 20
github.com/kujilabo/redstart/user/gateway/pair_of_user_and_role_repository.go:36.137,41.2 1 32
github.com/kujilabo/redstart/user/gateway/pair_of_user_and_role_repository.go:43.201,47.153 3 9
github.com/kujilabo/redstart/user/gateway/pair_of_user_and_role_repository.go:47.153,49.3 1 0
github.com/kujilabo/redstart/user/gateway/pair_of_user_and_role_repository.go:51.2,51.12 1 9
github.com/kujilabo/redstart/user/gateway/pair_of_user_and_role_repository.go:54.175,62.16 6 13
github.com/kujilabo/redstart/user/gateway/pair_of_user_and_role_repository.go:62.16,64.3 1 0
github.com/kujilabo/redstart/user/gateway/pair_of_user_and_role_repository.go:65.2,65.9 1 13
github.com/kujilabo/redstart/user/gateway/pair_of_user_and_role_repository.go:65.9,67.3 1 0
github.com/kujilabo/redstart/user/gateway/pair_of_user_and_role_repository.go:69.2,71.16 3 13
github.com/kujilabo/redstart/user/gateway/pair_of_user_and_role_repository.go:71.16,73.3 1 0
github.com/kujilabo/redstart/user/gateway/pair_of_user_and_role_repository.go:75.2,75.132 1 13
github.com/kujilabo/redstart/user/gateway/pair_of_user_and_role_repository.go:75.132,77.3 1 0
github.com/kujilabo/redstart/user/gateway/pair_of_user_and_role_repository.go:78.2,78.12 1 13
github.com/kujilabo/redstart/user/gateway/pair_of_user_and_role_repository.go:81.215,91.68 2 22
github.com/kujilabo/redstart/user/gateway/pair_of_user_and_role_repository.go:91.68,93.3 1 0
github.com/kujilabo/redstart/user/gateway/pair_of_user_and_role_repository.go:95.2,100.83 4 22
github.com/kujilabo/redstart/user/gateway/pair_of_user_and_role_repository.go:100.83,102.3 1 0
github.com/kujilabo/redstart/user/gateway/pair_of_user_and_role_repository.go:104.2,104.12 1 22
github.com/kujilabo/redstart/user/gateway/pair_of_user_and_role_repository.go:107.175,111.16 3 13
github.com/kujilabo/redstart/user/gateway/pair_of_user_and_role_repository.go:111.16,113.3 1 0
github.com/kujilabo/redstart/user/gateway/pair_of_user_and_role_repository.go:115.2,116.50 2 13
github.com/kujilabo/redstart/user/gateway/pair_of_user_and_role_repository.go:116.50,118.3 1 13
github.com/kujilabo/redstart/user/gateway/pair_of_user_and_role_repository.go:120.2,123.16 4 13
github.com/kujilabo/redstart/user/gateway/pair_of_user_and_role_repository.go:123.16,125.3 1 0
github.com/kujilabo/redstart/user/gateway/pair_of_user_and_role_repository.go:127.2,127.37 1 13
github.com/kujilabo/redstart/user/gateway/pair_of_user_and_role_repository.go:127.37,129.17 2 13
github.com/kujilabo/redstart/user/gateway/pair_of_user_and_role_repository.go:129.17,131.4 1 0
github.com/kujilabo/redstart/user/gateway/pair_of_user_and_role_repository.go:132.3,132.9 1 13
github.com/kujilabo/redstart/user/gateway/pair_of_user_and_role_repository.go:132.9,134.4 1 13
github.com/kujilabo/redstart/user/gateway/pair_of_user_and_role_repository.go:137.2,137.19 1 0
github.com/kujilabo/redstart/user/gateway/pair_of_user_and_role_repository.go:140.172,151.41 3 23
github.com/kujilabo/redstart/user/gateway/pair_of_user_and_role_repository.go:151.41,153.3 1 0
github.com/kujilabo/redstart/user/gateway/pair_of_user_and_role_repository.go:155.2,156.30 2 23
github.com/kujilabo/redstart/user/gateway/pair_of_user_and_role_repository.go:156.30,158.17 2 16
github.com/kujilabo/redstart/user/gateway/pair_of_user_and_role_repository.go:158.17,160.4 1 0
github.com/kujilabo/redstart/user/gateway/pair_of_user_and_role_repository.go:161.3,161.24 1 16
github.com/kujilabo/redstart/user/gateway/pair_of_user_and_role_repository.go:164.2,165.28 2 23
github.com/kujilabo/redstart/user/gateway/rbac_repository.go:37.81,38.15 1 55
github.com/kujilabo/redstart/user/gateway/rbac_repository.go:38.15,39.33 1 0
github.com/kujilabo/redstart/user/gateway/rbac_repository.go:42.2,44.3 1 55
github.com/kujilabo/redstart/user/gateway/rbac_repository.go:47.39,49.16 2 0
github.com/kujilabo/redstart/user/gateway/rbac_repository.go:49.16,51.3 1 0
github.com/kujilabo/redstart/user/gateway/rbac_repository.go:53.2,54.16 2 0
github.com/kujilabo/redstart/user/gateway/rbac_repository.go:54.16,56.3 1 0
github.com/kujilabo/redstart/user/gateway/rbac_repository.go:58.2,58.40 1 0
github.com/kujilabo/redstart/user/gateway/rbac_repository.go:58.40,60.3 1 0
github.com/kujilabo/redstart/user/gateway/rbac_repository.go:62.2,62.12 1 0
github.com/kujilabo/redstart/user/gateway/rbac_repository.go:65.67,67.16 2 53
github.com/kujilabo/redstart/user/gateway/rbac_repository.go:67.16,69.3 1 0
github.com/kujilabo/redstart/user/gateway/rbac_repository.go:71.2,72.16 2 53
github.com/kujilabo/redstart/user/gateway/rbac_repository.go:72.16,74.3 1 0
github.com/kujilabo/redstart/user/gateway/rbac_repository.go:76.2,77.16 2 53
github.com/kujilabo/redstart/user/gateway/rbac_repository.go:77.16,79.3 1 0
github.com/kujilabo/redstart/user/gateway/rbac_repository.go:81.2,81.15 1 53
github.com/kujilabo/redstart/user/gateway/rbac_repository.go:84.127,86.16 2 18
github.com/kujilabo/redstart/user/gateway/rbac_repository.go:86.16,88.3 1 0
github.com/kujilabo/redstart/user/gateway/rbac_repository.go:90.2,90.102 1 18
github.com/kujilabo/redstart/user/gateway/rbac_repository.go:90.102,92.3 1 0
github.com/kujilabo/redstart/user/gateway/rbac_repository.go:94.2,94.12 1 18
github.com/kujilabo/redstart/user/gateway/rbac_repository.go:97.104,99.16 2 22
github.com/kujilabo/redstart/user/gateway/rbac_repository.go:99.16,101.3 1 0
github.com/kujilabo/redstart/user/gateway/rbac_repository.go:102.2,102.14 1 22
github.com/kujilabo/redstart/user/gateway/rbac_repository.go:102.14,104.3 1 0
github.com/kujilabo/redstart/user/gateway/rbac_repository.go:106.2,106.91 1 22
github.com/kujilabo/redstart/user/gateway/rbac_repository.go:106.91,108.3 1 0
github.com/kujilabo/redstart/user/gateway/rbac_repository.go:110.2,110.12 1 22
github.com/kujilabo/redstart/user/gateway/rbac_repository.go:113.133,115.27 2 13
github.com/kujilabo/redstart/user/gateway/rbac_repository.go:115.27,117.3 1 13
github.com/kujilabo/redstart/user/gateway/rbac_repository.go:118.2,118.26 1 13
github.com/kujilabo/redstart/user/gateway/rbac_repository.go:118.26,120.3 1 13
github.com/kujilabo/redstart/user/gateway/rbac_repository.go:121.2,122.16 2 13
github.com/kujilabo/redstart/user/gateway/rbac_repository.go:122.16,124.3 1 0
github.com/kujilabo/redstart/user/gateway/rbac_repository.go:125.2,125.79 1 13
github.com/kujilabo/redstart/user/gateway/rbac_repository.go:125.79,127.3 1 0
github.com/kujilabo/redstart/user/gateway/rbac_repository.go:128.2,128.15 1 13
github.com/kujilabo/redstart/user/gateway/repository_factory.go:20.140,21.15 1 9
github.com/kujilabo/redstart/user/gateway/repository_factory.go:21.15,23.3 1 0
github.com/kujilabo/redstart/user/gateway/repository_factory.go:25.2,29.8 1 9
github.com/kujilabo/redstart/user/gateway/repository_factory.go:32.107,34.2 1 20
github.com/kujilabo/redstart/user/gateway/repository_factory.go:36.97,38.2 1 35
github.com/kujilabo/redstart/user/gateway/repository_factory.go:40.99,42.2 1 16
github.com/kujilabo/redstart/user/gateway/repository_factory.go:44.101,46.2 1 11
github.com/kujilabo/redstart/user/gateway/repository_factory.go:48.119,50.2 1 11
github.com/kujilabo/redstart/user/gateway/repository_factory.go:52.117,54.2 1 22
github.com/kujilabo/redstart/user/gateway/repository_factory.go:56.91,58.2 1 46
github.com/kujilabo/redstart/user/gateway/transaction_manager.go:16.104,21.2 1 0
github.com/kujilabo/redstart/user/gateway/transaction_manager.go:23.105,24.50 1 0
github.com/kujilabo/redstart/user/gateway/transaction_manager.go:24.50,26.17 2 0
github.com/kujilabo/redstart/user/gateway/transaction_manager.go:26.17,28.4 1 0
github.com/kujilabo/redstart/user/gateway/transaction_manager.go:29.3,29.16 1 0
github.com/kujilabo/redstart/user/gateway/transaction_manager.go:37.98,41.2 1 0
github.com/kujilabo/redstart/user/gateway/transaction_manager.go:43.109,45.2 1 0
github.com/kujilabo/redstart/user/gateway/user_group_repository.go:30.46,32.2 1 9
github.com/kujilabo/redstart/user/gateway/user_group_repository.go:34.71,36.16 2 0
github.com/kujilabo/redstart/user/gateway/user_group_repository.go:36.16,38.3 1 0
github.com/kujilabo/redstart/user/gateway/user_group_repository.go:40.2,41.16 2 0
github.com/kujilabo/redstart/user/gateway/user_group_repository.go:41.16,43.3 1 0
github.com/kujilabo/redstart/user/gateway/user_group_repository.go:45.2,46.16 2 0
github.com/kujilabo/redstart/user/gateway/user_group_repository.go:46.16,48.3 1 0
github.com/kujilabo/redstart/user/gateway/user_group_repository.go:50.2,51.16 2 0
github.com/kujilabo/redstart/user/gateway/user_group_repository.go:51.16,53.3 1 0
github.com/kujilabo/redstart/user/gateway/user_group_repository.go:55.2,56.16 2 0
github.com/kujilabo/redstart/user/gateway/user_group_repository.go:56.16,58.3 1 0
github.com/kujilabo/redstart/user/gateway/user_group_repository.go:60.2,60.23 1 0
github.com/kujilabo/redstart/user/gateway/user_group_repository.go:67.91,68.15 1 20
github.com/kujilabo/redstart/user/gateway/user_group_repository.go:68.15,69.33 1 0
github.com/kujilabo/redstart/user/gateway/user_group_repository.go:72.2,74.3 1 20
github.com/kujilabo/redstart/user/gateway/user_group_repository.go:77.129,85.43 4 0
github.com/kujilabo/redstart/user/gateway/user_group_repository.go:85.43,87.3 1 0
github.com/kujilabo/redstart/user/gateway/user_group_repository.go:88.2,88.35 1 0
github.com/kujilabo/redstart/user/gateway/user_group_repository.go:91.129,105.60 4 9
github.com/kujilabo/redstart/user/gateway/user_group_repository.go:105.60,107.3 1 0
github.com/kujilabo/redstart/user/gateway/user_group_repository.go:109.2,110.16 2 9
github.com/kujilabo/redstart/user/gateway/user_group_repository.go:110.16,112.3 1 0
github.com/kujilabo/redstart/user/gateway/user_group_repository.go:114.2,114.25 1 9
github.com/kujilabo/redstart/user/gateway/user_group_repository.go:117.127,131.60 4 0
github.com/kujilabo/redstart/user/gateway/user_group_repository.go:131.60,133.3 1 0
github.com/kujilabo/redstart/user/gateway/user_group_repository.go:135.2,136.16 2 0
github.com/kujilabo/redstart/user/gateway/user_group_repository.go:136.16,138.3 1 0
github.com/kujilabo/redstart/user/gateway/user_group_repository.go:140.2,140.25 1 0
github.com/kujilabo/redstart/user/gateway/user_role_repository.go:28.45,30.2 1 31
github.com/kujilabo/redstart/user/gateway/user_role_repository.go:32.74,34.16 2 32
github.com/kujilabo/redstart/user/gateway/user_role_repository.go:34.16,36.3 1 0
github.com/kujilabo/redstart/user/gateway/user_role_repository.go:38.2,39.16 2 32
github.com/kujilabo/redstart/user/gateway/user_role_repository.go:39.16,41.3 1 0
github.com/kujilabo/redstart/user/gateway/user_role_repository.go:43.2,44.16 2 32
github.com/kujilabo/redstart/user/gateway/user_role_repository.go:44.16,46.3 1 0
github.com/kujilabo/redstart/user/gateway/user_role_repository.go:48.2,49.16 2 32
github.com/kujilabo/redstart/user/gateway/user_role_repository.go:49.16,51.3 1 0
github.com/kujilabo/redstart/user/gateway/user_role_repository.go:53.2,53.27 1 32
github.com/kujilabo/redstart/user/gateway/user_role_repository.go:56.65,58.16 2 16
github.com/kujilabo/redstart/user/gateway/user_role_repository.go:58.16,60.3 1 0
github.com/kujilabo/redstart/user/gateway/user_role_repository.go:62.2,63.16 2 16
github.com/kujilabo/redstart/user/gateway/user_role_repository.go:63.16,65.3 1 0
github.com/kujilabo/redstart/user/gateway/user_role_repository.go:67.2,67.22 1 16
github.com/kujilabo/redstart/user/gateway/user_role_repository.go:74.89,78.2 1 25
github.com/kujilabo/redstart/user/gateway/user_role_repository.go:80.169,88.42 4 0
github.com/kujilabo/redstart/user/gateway/user_role_repository.go:88.42,90.3 1 0
github.com/kujilabo/redstart/user/gateway/user_role_repository.go:91.2,91.30 1 0
github.com/kujilabo/redstart/user/gateway/user_role_repository.go:94.154,101.40 4 16
github.com/kujilabo/redstart/user/gateway/user_role_repository.go:101.40,103.3 1 0
github.com/kujilabo/redstart/user/gateway/user_role_repository.go:104.2,104.30 1 16
github.com/kujilabo/redstart/user/gateway/user_role_repository.go:107.137,114.40 4 0
github.com/kujilabo/redstart/user/gateway/user_role_repository.go:114.40,116.3 1 0
github.com/kujilabo/redstart/user/gateway/user_role_repository.go:117.2,117.30 1 0
github.com/kujilabo/redstart/user/gateway/user_role_repository.go:120.169,134.59 4 9
github.com/kujilabo/redstart/user/gateway/user_role_repository.go:134.59,136.3 1 0
github.com/kujilabo/redstart/user/gateway/user_role_repository.go:138.2,139.16 2 9
github.com/kujilabo/redstart/user/gateway/user_role_repository.go:139.16,141.3 1 0
github.com/kujilabo/redstart/user/gateway/user_role_repository.go:143.2,143.24 1 9
github.com/kujilabo/redstart/user/gateway/user_role_repository.go:146.163,160.59 4 9
github.com/kujilabo/redstart/user/gateway/user_role_repository.go:160.59,162.3 1 0
github.com/kujilabo/redstart/user/gateway/user_role_repository.go:164.2,165.16 2 9
github.com/kujilabo/redstart/user/gateway/user_role_repository.go:165.16,167.3 1 0
github.com/kujilabo/redstart/user/gateway/user_role_repository.go:169.2,169.24 1 9
github.com/kujilabo/redstart/user/gateway/user_role_repository.go:172.158,187.59 4 3
github.com/kujilabo/redstart/user/gateway/user_role_repository.go:187.59,189.3 1 0
github.com/kujilabo/redstart/user/gateway/user_role_repository.go:191.2,192.16 2 3
github.com/kujilabo/redstart/user/gateway/user_role_repository.go:192.16,194.3 1 0
github.com/kujilabo/redstart/user/gateway/user_role_repository.go:196.2,196.24 1 3
github.com/kujilabo/redstart/user/gateway/wrapped_db.go:20.72,23.2 2 11
github.com/kujilabo/redstart/user/gateway/wrapped_db.go:25.79,28.2 2 11
github.com/kujilabo/redstart/user/gateway/wrapped_db.go:30.78,33.2 2 43
github.com/kujilabo/redstart/user/gateway/wrapped_db.go:35.73,38.2 2 22
github.com/kujilabo/redstart/user/gateway/wrapped_db.go:40.110,43.2 2 54
github.com/kujilabo/redstart/user/gateway/wrapped_db.go:45.68,48.2 2 43
github.com/kujilabo/redstart/user/gateway/wrapped_db.go:50.47,52.2 1 32
github.com/kujilabo/redstart/user/gateway/wrapped_db.go:54.48,56.2 1 11
github.com/kujilabo/redstart/user/gateway/wrapped_db.go:57.57,59.2 1 11
